0 info it worked if it ends with ok
1 verbose cli [ 'C:\\Program Files\\nodejs\\node.exe',
1 verbose cli   'C:\\Program Files\\nodejs\\node_modules\\npm\\bin\\npm-cli.js',
1 verbose cli   'run',
1 verbose cli   'test' ]
2 info using npm@3.10.10
3 info using node@v6.11.4
4 verbose run-script [ 'pretest', 'test', 'posttest' ]
5 info lifecycle content-creators@1.0.0~pretest: content-creators@1.0.0
6 silly lifecycle content-creators@1.0.0~pretest: no script for pretest, continuing
7 info lifecycle content-creators@1.0.0~test: content-creators@1.0.0
8 verbose lifecycle content-creators@1.0.0~test: unsafe-perm in lifecycle true
9 verbose lifecycle content-creators@1.0.0~test: PATH: C:\Program Files\nodejs\node_modules\npm\bin\node-gyp-bin;C:\projects\project0\node_modules\.bin;C:\Users\will.francis\bin;C:\Users\will.francis\AppData\Local\Programs\Git\mingw64\bin;C:\Users\will.francis\AppData\Local\Programs\Git\usr\local\bin;C:\Users\will.francis\AppData\Local\Programs\Git\usr\bin;C:\Users\will.francis\AppData\Local\Programs\Git\usr\bin;C:\Users\will.francis\AppData\Local\Programs\Git\mingw64\bin;C:\Users\will.francis\AppData\Local\Programs\Git\usr\bin;C:\Users\will.francis\bin;C:\Program Files (x86)\Intel\iCLS Client;C:\Program Files\Intel\iCLS Client;C:\Windows\system32;C:\Windows;C:\Windows\System32\Wbem;C:\Windows\System32\WindowsPowerShell\v1.0;C:\Program Files\Intel\Intel(R) Management Engine Components\DAL;C:\Program Files (x86)\Intel\Intel(R) Management Engine Components\DAL;C:\Program Files\Intel\Intel(R) Management Engine Components\IPT;C:\Program Files (x86)\Intel\Intel(R) Management Engine Components\IPT;C:\Program Files\Intel\WiFi\bin;C:\Program Files\Common Files\Intel\WirelessCommon;C:\Program Files (x86)\Skype\Phone;C:\Program Files\nodejs;C:\Users\will.francis\AppData\Local\atom\bin;C:\Users\will.francis\AppData\Local\Programs\Git\cmd;C:\Users\will.francis\AppData\Roaming\npm;C:\Users\will.francis\AppData\Local\Programs\Git\usr\bin\vendor_perl;C:\Users\will.francis\AppData\Local\Programs\Git\usr\bin\core_perl
10 verbose lifecycle content-creators@1.0.0~test: CWD: C:\projects\project0
11 silly lifecycle content-creators@1.0.0~test: Args: [ '/d /s /c', 'mocha' ]
12 silly lifecycle content-creators@1.0.0~test: Returned: code: 5  signal: null
13 info lifecycle content-creators@1.0.0~test: Failed to exec test script
14 verbose stack Error: content-creators@1.0.0 test: `mocha`
14 verbose stack Exit status 5
14 verbose stack     at EventEmitter.<anonymous> (C:\Program Files\nodejs\node_modules\npm\lib\utils\lifecycle.js:255:16)
14 verbose stack     at emitTwo (events.js:106:13)
14 verbose stack     at EventEmitter.emit (events.js:191:7)
14 verbose stack     at ChildProcess.<anonymous> (C:\Program Files\nodejs\node_modules\npm\lib\utils\spawn.js:40:14)
14 verbose stack     at emitTwo (events.js:106:13)
14 verbose stack     at ChildProcess.emit (events.js:191:7)
14 verbose stack     at maybeClose (internal/child_process.js:920:16)
14 verbose stack     at Process.ChildProcess._handle.onexit (internal/child_process.js:230:5)
15 verbose pkgid content-creators@1.0.0
16 verbose cwd C:\projects\project0
17 error Windows_NT 6.1.7601
18 error argv "C:\\Program Files\\nodejs\\node.exe" "C:\\Program Files\\nodejs\\node_modules\\npm\\bin\\npm-cli.js" "run" "test"
19 error node v6.11.4
20 error npm  v3.10.10
21 error code ELIFECYCLE
22 error content-creators@1.0.0 test: `mocha`
22 error Exit status 5
23 error Failed at the content-creators@1.0.0 test script 'mocha'.
23 error Make sure you have the latest version of node.js and npm installed.
23 error If you do, this is most likely a problem with the content-creators package,
23 error not with npm itself.
23 error Tell the author that this fails on your system:
23 error     mocha
23 error You can get information on how to open an issue for this project with:
23 error     npm bugs content-creators
23 error Or if that isn't available, you can get their info via:
23 error     npm owner ls content-creators
23 error There is likely additional logging output above.
24 verbose exit [ 1, true ]
